<?xml version="1.0" encoding="UTF-8"?>
<!-- Generated by org.testng.reporters.JUnitXMLReporter -->
<testsuite hostname="Dhruvs-MacBook-Air.local" ignored="0" tests="7" failures="0" timestamp="2022-07-19T10:50:15 EDT" time="9.283" errors="0">
  <testcase name="all_Character_Valid_Test" time="3.275" classname="TestCases"/>
  <testcase name="all_Character_Invalid_Test" time="1.132" classname="TestCases"/>
  <testcase name="Blank_Search" time="1.03" classname="TestCases"/>
  <testcase name="specific_Character_Valid_Test" time="0.965" classname="TestCases"/>
  <testcase name="specific_Character_Invalid_Test" time="0.978" classname="TestCases"/>
  <testcase name="search_Planets_Valid_Test" time="0.834" classname="TestCases"/>
  <testcase name="search_Planets_Invalid_Test" time="0.994" classname="TestCases"/>
</testsuite>
